#-----------------------------------------------------------
# Vivado v2019.2 (64-bit)
# SW Build 2708876 on Wed Nov  6 21:39:14 MST 2019
# IP Build 2700528 on Thu Nov  7 00:09:20 MST 2019
# Start of session at: Fri Dec 18 11:43:28 2020
# Process ID: 18705
# Current directory: /home/sumanth/shivam/pulp/pulpissimo/fpga
# Command line: vivado
# Log file: /home/sumanth/shivam/pulp/pulpissimo/fpga/vivado.log
# Journal file: /home/sumanth/shivam/pulp/pulpissimo/fpga/vivado.jou
#-----------------------------------------------------------
start_gui
create_project project_1 /home/sumanth/shivam/pulp/pulpissimo/fpga/project_1 -part xc7vx485tffg1157-1
INFO: [IP_Flow 19-234] Refreshing IP repositories
INFO: [IP_Flow 19-1704] No user IP repositories specified
INFO: [IP_Flow 19-2313] Loaded Vivado IP repository '/home/Vitis2019/Vivado/2019.2/data/ip'.
WARNING: [IP_Flow 19-4067] Ignoring invalid widget type specified checkbox.Providing a default widget
WARNING: [IP_Flow 19-4067] Ignoring invalid widget type specified checkbox.Providing a default widget
exit
INFO: [Common 17-206] Exiting Vivado at Fri Dec 18 11:46:24 2020...
